<?xml version="1.0" encoding="UTF-8"?>
<testsuite xmlns:xsi="http://www.w3.org/2001/XMLSchema-instance" xsi:noNamespaceSchemaLocation="https://maven.apache.org/surefire/maven-surefire-plugin/xsd/surefire-test-report.xsd" name="edu.ucr.cs.cs226.psing069.AppTest" time="0.035" tests="1" errors="0" skipped="0" failures="0">
  <properties>
    <property name="java.specification.version" value="13"/>
    <property name="sun.jnu.encoding" value="UTF-8"/>
    <property name="java.class.path" value="/Users/paranshusinghal/Documents/Development/maven.hadoop/target/test-classes:/Users/paranshusinghal/Documents/Development/maven.hadoop/target/classes:/Users/paranshusinghal/.m2/repository/junit/junit/4.11/junit-4.11.jar:/Users/paranshusinghal/.m2/repository/org/hamcrest/hamcrest-core/1.3/hamcrest-core-1.3.jar:/Users/paranshusinghal/.m2/repository/org/apache/hadoop/hadoop-common/3.2.1/hadoop-common-3.2.1.jar:/Users/paranshusinghal/.m2/repository/org/apache/hadoop/hadoop-annotations/3.2.1/hadoop-annotations-3.2.1.jar:/Users/paranshusinghal/.m2/repository/com/google/guava/guava/27.0-jre/guava-27.0-jre.jar:/Users/paranshusinghal/.m2/repository/com/google/guava/failureaccess/1.0/failureaccess-1.0.jar:/Users/paranshusinghal/.m2/repository/com/google/guava/listenablefuture/9999.0-empty-to-avoid-conflict-with-guava/listenablefuture-9999.0-empty-to-avoid-conflict-with-guava.jar:/Users/paranshusinghal/.m2/repository/org/checkerframework/checker-qual/2.5.2/checker-qual-2.5.2.jar:/Users/paranshusinghal/.m2/repository/com/google/errorprone/error_prone_annotations/2.2.0/error_prone_annotations-2.2.0.jar:/Users/paranshusinghal/.m2/repository/com/google/j2objc/j2objc-annotations/1.1/j2objc-annotations-1.1.jar:/Users/paranshusinghal/.m2/repository/org/codehaus/mojo/animal-sniffer-annotations/1.17/animal-sniffer-annotations-1.17.jar:/Users/paranshusinghal/.m2/repository/commons-cli/commons-cli/1.2/commons-cli-1.2.jar:/Users/paranshusinghal/.m2/repository/org/apache/commons/commons-math3/3.1.1/commons-math3-3.1.1.jar:/Users/paranshusinghal/.m2/repository/org/apache/httpcomponents/httpclient/4.5.6/httpclient-4.5.6.jar:/Users/paranshusinghal/.m2/repository/org/apache/httpcomponents/httpcore/4.4.10/httpcore-4.4.10.jar:/Users/paranshusinghal/.m2/repository/commons-codec/commons-codec/1.11/commons-codec-1.11.jar:/Users/paranshusinghal/.m2/repository/commons-io/commons-io/2.5/commons-io-2.5.jar:/Users/paranshusinghal/.m2/repository/commons-net/commons-net/3.6/commons-net-3.6.jar:/Users/paranshusinghal/.m2/repository/commons-collections/commons-collections/3.2.2/commons-collections-3.2.2.jar:/Users/paranshusinghal/.m2/repository/javax/servlet/javax.servlet-api/3.1.0/javax.servlet-api-3.1.0.jar:/Users/paranshusinghal/.m2/repository/org/eclipse/jetty/jetty-server/9.3.24.v20180605/jetty-server-9.3.24.v20180605.jar:/Users/paranshusinghal/.m2/repository/org/eclipse/jetty/jetty-http/9.3.24.v20180605/jetty-http-9.3.24.v20180605.jar:/Users/paranshusinghal/.m2/repository/org/eclipse/jetty/jetty-io/9.3.24.v20180605/jetty-io-9.3.24.v20180605.jar:/Users/paranshusinghal/.m2/repository/org/eclipse/jetty/jetty-util/9.3.24.v20180605/jetty-util-9.3.24.v20180605.jar:/Users/paranshusinghal/.m2/repository/org/eclipse/jetty/jetty-servlet/9.3.24.v20180605/jetty-servlet-9.3.24.v20180605.jar:/Users/paranshusinghal/.m2/repository/org/eclipse/jetty/jetty-security/9.3.24.v20180605/jetty-security-9.3.24.v20180605.jar:/Users/paranshusinghal/.m2/repository/org/eclipse/jetty/jetty-webapp/9.3.24.v20180605/jetty-webapp-9.3.24.v20180605.jar:/Users/paranshusinghal/.m2/repository/org/eclipse/jetty/jetty-xml/9.3.24.v20180605/jetty-xml-9.3.24.v20180605.jar:/Users/paranshusinghal/.m2/repository/javax/servlet/jsp/jsp-api/2.1/jsp-api-2.1.jar:/Users/paranshusinghal/.m2/repository/com/sun/jersey/jersey-core/1.19/jersey-core-1.19.jar:/Users/paranshusinghal/.m2/repository/javax/ws/rs/jsr311-api/1.1.1/jsr311-api-1.1.1.jar:/Users/paranshusinghal/.m2/repository/com/sun/jersey/jersey-servlet/1.19/jersey-servlet-1.19.jar:/Users/paranshusinghal/.m2/repository/com/sun/jersey/jersey-json/1.19/jersey-json-1.19.jar:/Users/paranshusinghal/.m2/repository/org/codehaus/jettison/jettison/1.1/jettison-1.1.jar:/Users/paranshusinghal/.m2/repository/com/sun/xml/bind/jaxb-impl/2.2.3-1/jaxb-impl-2.2.3-1.jar:/Users/paranshusinghal/.m2/repository/org/codehaus/jackson/jackson-core-asl/1.9.2/jackson-core-asl-1.9.2.jar:/Users/paranshusinghal/.m2/repository/org/codehaus/jackson/jackson-jaxrs/1.9.2/jackson-jaxrs-1.9.2.jar:/Users/paranshusinghal/.m2/repository/org/codehaus/jackson/jackson-xc/1.9.2/jackson-xc-1.9.2.jar:/Users/paranshusinghal/.m2/repository/com/sun/jersey/jersey-server/1.19/jersey-server-1.19.jar:/Users/paranshusinghal/.m2/repository/commons-logging/commons-logging/1.1.3/commons-logging-1.1.3.jar:/Users/paranshusinghal/.m2/repository/log4j/log4j/1.2.17/log4j-1.2.17.jar:/Users/paranshusinghal/.m2/repository/commons-beanutils/commons-beanutils/1.9.3/commons-beanutils-1.9.3.jar:/Users/paranshusinghal/.m2/repository/org/apache/commons/commons-configuration2/2.1.1/commons-configuration2-2.1.1.jar:/Users/paranshusinghal/.m2/repository/org/apache/commons/commons-lang3/3.7/commons-lang3-3.7.jar:/Users/paranshusinghal/.m2/repository/org/apache/commons/commons-text/1.4/commons-text-1.4.jar:/Users/paranshusinghal/.m2/repository/org/slf4j/slf4j-api/1.7.25/slf4j-api-1.7.25.jar:/Users/paranshusinghal/.m2/repository/org/slf4j/slf4j-log4j12/1.7.25/slf4j-log4j12-1.7.25.jar:/Users/paranshusinghal/.m2/repository/org/apache/avro/avro/1.7.7/avro-1.7.7.jar:/Users/paranshusinghal/.m2/repository/com/thoughtworks/paranamer/paranamer/2.3/paranamer-2.3.jar:/Users/paranshusinghal/.m2/repository/org/xerial/snappy/snappy-java/1.0.5/snappy-java-1.0.5.jar:/Users/paranshusinghal/.m2/repository/com/google/re2j/re2j/1.1/re2j-1.1.jar:/Users/paranshusinghal/.m2/repository/com/google/protobuf/protobuf-java/2.5.0/protobuf-java-2.5.0.jar:/Users/paranshusinghal/.m2/repository/com/google/code/gson/gson/2.2.4/gson-2.2.4.jar:/Users/paranshusinghal/.m2/repository/org/apache/hadoop/hadoop-auth/3.2.1/hadoop-auth-3.2.1.jar:/Users/paranshusinghal/.m2/repository/com/nimbusds/nimbus-jose-jwt/4.41.1/nimbus-jose-jwt-4.41.1.jar:/Users/paranshusinghal/.m2/repository/com/github/stephenc/jcip/jcip-annotations/1.0-1/jcip-annotations-1.0-1.jar:/Users/paranshusinghal/.m2/repository/net/minidev/json-smart/2.3/json-smart-2.3.jar:/Users/paranshusinghal/.m2/repository/net/minidev/accessors-smart/1.2/accessors-smart-1.2.jar:/Users/paranshusinghal/.m2/repository/org/ow2/asm/asm/5.0.4/asm-5.0.4.jar:/Users/paranshusinghal/.m2/repository/org/apache/curator/curator-framework/2.13.0/curator-framework-2.13.0.jar:/Users/paranshusinghal/.m2/repository/com/jcraft/jsch/0.1.54/jsch-0.1.54.jar:/Users/paranshusinghal/.m2/repository/org/apache/curator/curator-client/2.13.0/curator-client-2.13.0.jar:/Users/paranshusinghal/.m2/repository/org/apache/curator/curator-recipes/2.13.0/curator-recipes-2.13.0.jar:/Users/paranshusinghal/.m2/repository/com/google/code/findbugs/jsr305/3.0.0/jsr305-3.0.0.jar:/Users/paranshusinghal/.m2/repository/org/apache/htrace/htrace-core4/4.1.0-incubating/htrace-core4-4.1.0-incubating.jar:/Users/paranshusinghal/.m2/repository/org/apache/zookeeper/zookeeper/3.4.13/zookeeper-3.4.13.jar:/Users/paranshusinghal/.m2/repository/jline/jline/0.9.94/jline-0.9.94.jar:/Users/paranshusinghal/.m2/repository/org/apache/yetus/audience-annotations/0.5.0/audience-annotations-0.5.0.jar:/Users/paranshusinghal/.m2/repository/org/apache/commons/commons-compress/1.18/commons-compress-1.18.jar:/Users/paranshusinghal/.m2/repository/org/apache/kerby/kerb-simplekdc/1.0.1/kerb-simplekdc-1.0.1.jar:/Users/paranshusinghal/.m2/repository/org/apache/kerby/kerb-client/1.0.1/kerb-client-1.0.1.jar:/Users/paranshusinghal/.m2/repository/org/apache/kerby/kerby-config/1.0.1/kerby-config-1.0.1.jar:/Users/paranshusinghal/.m2/repository/org/apache/kerby/kerb-core/1.0.1/kerb-core-1.0.1.jar:/Users/paranshusinghal/.m2/repository/org/apache/kerby/kerby-pkix/1.0.1/kerby-pkix-1.0.1.jar:/Users/paranshusinghal/.m2/repository/org/apache/kerby/kerby-asn1/1.0.1/kerby-asn1-1.0.1.jar:/Users/paranshusinghal/.m2/repository/org/apache/kerby/kerby-util/1.0.1/kerby-util-1.0.1.jar:/Users/paranshusinghal/.m2/repository/org/apache/kerby/kerb-common/1.0.1/kerb-common-1.0.1.jar:/Users/paranshusinghal/.m2/repository/org/apache/kerby/kerb-crypto/1.0.1/kerb-crypto-1.0.1.jar:/Users/paranshusinghal/.m2/repository/org/apache/kerby/kerb-util/1.0.1/kerb-util-1.0.1.jar:/Users/paranshusinghal/.m2/repository/org/apache/kerby/token-provider/1.0.1/token-provider-1.0.1.jar:/Users/paranshusinghal/.m2/repository/org/apache/kerby/kerb-admin/1.0.1/kerb-admin-1.0.1.jar:/Users/paranshusinghal/.m2/repository/org/apache/kerby/kerb-server/1.0.1/kerb-server-1.0.1.jar:/Users/paranshusinghal/.m2/repository/org/apache/kerby/kerb-identity/1.0.1/kerb-identity-1.0.1.jar:/Users/paranshusinghal/.m2/repository/org/apache/kerby/kerby-xdr/1.0.1/kerby-xdr-1.0.1.jar:/Users/paranshusinghal/.m2/repository/com/fasterxml/jackson/core/jackson-databind/2.9.8/jackson-databind-2.9.8.jar:/Users/paranshusinghal/.m2/repository/com/fasterxml/jackson/core/jackson-annotations/2.9.0/jackson-annotations-2.9.0.jar:/Users/paranshusinghal/.m2/repository/com/fasterxml/jackson/core/jackson-core/2.9.8/jackson-core-2.9.8.jar:/Users/paranshusinghal/.m2/repository/org/codehaus/woodstox/stax2-api/3.1.4/stax2-api-3.1.4.jar:/Users/paranshusinghal/.m2/repository/com/fasterxml/woodstox/woodstox-core/5.0.3/woodstox-core-5.0.3.jar:/Users/paranshusinghal/.m2/repository/dnsjava/dnsjava/2.1.7/dnsjava-2.1.7.jar:/Users/paranshusinghal/.m2/repository/org/apache/hadoop/hadoop-mapreduce-client-core/3.2.1/hadoop-mapreduce-client-core-3.2.1.jar:/Users/paranshusinghal/.m2/repository/org/apache/hadoop/hadoop-yarn-client/3.2.1/hadoop-yarn-client-3.2.1.jar:/Users/paranshusinghal/.m2/repository/org/apache/hadoop/hadoop-yarn-api/3.2.1/hadoop-yarn-api-3.2.1.jar:/Users/paranshusinghal/.m2/repository/org/apache/hadoop/hadoop-yarn-common/3.2.1/hadoop-yarn-common-3.2.1.jar:/Users/paranshusinghal/.m2/repository/javax/xml/bind/jaxb-api/2.2.11/jaxb-api-2.2.11.jar:/Users/paranshusinghal/.m2/repository/com/sun/jersey/jersey-client/1.19/jersey-client-1.19.jar:/Users/paranshusinghal/.m2/repository/com/google/inject/guice/4.0/guice-4.0.jar:/Users/paranshusinghal/.m2/repository/javax/inject/javax.inject/1/javax.inject-1.jar:/Users/paranshusinghal/.m2/repository/aopalliance/aopalliance/1.0/aopalliance-1.0.jar:/Users/paranshusinghal/.m2/repository/com/sun/jersey/contribs/jersey-guice/1.19/jersey-guice-1.19.jar:/Users/paranshusinghal/.m2/repository/com/fasterxml/jackson/module/jackson-module-jaxb-annotations/2.9.8/jackson-module-jaxb-annotations-2.9.8.jar:/Users/paranshusinghal/.m2/repository/com/fasterxml/jackson/jaxrs/jackson-jaxrs-json-provider/2.9.8/jackson-jaxrs-json-provider-2.9.8.jar:/Users/paranshusinghal/.m2/repository/com/fasterxml/jackson/jaxrs/jackson-jaxrs-base/2.9.8/jackson-jaxrs-base-2.9.8.jar:/Users/paranshusinghal/.m2/repository/org/apache/hadoop/hadoop-hdfs-client/3.2.1/hadoop-hdfs-client-3.2.1.jar:/Users/paranshusinghal/.m2/repository/com/squareup/okhttp/okhttp/2.7.5/okhttp-2.7.5.jar:/Users/paranshusinghal/.m2/repository/com/squareup/okio/okio/1.6.0/okio-1.6.0.jar:/Users/paranshusinghal/.m2/repository/com/google/inject/extensions/guice-servlet/4.0/guice-servlet-4.0.jar:/Users/paranshusinghal/.m2/repository/io/netty/netty/3.10.5.Final/netty-3.10.5.Final.jar:/Users/paranshusinghal/.m2/repository/org/apache/hadoop/hadoop-core/1.2.1/hadoop-core-1.2.1.jar:/Users/paranshusinghal/.m2/repository/xmlenc/xmlenc/0.52/xmlenc-0.52.jar:/Users/paranshusinghal/.m2/repository/commons-httpclient/commons-httpclient/3.0.1/commons-httpclient-3.0.1.jar:/Users/paranshusinghal/.m2/repository/org/apache/commons/commons-math/2.1/commons-math-2.1.jar:/Users/paranshusinghal/.m2/repository/commons-configuration/commons-configuration/1.6/commons-configuration-1.6.jar:/Users/paranshusinghal/.m2/repository/commons-lang/commons-lang/2.4/commons-lang-2.4.jar:/Users/paranshusinghal/.m2/repository/commons-digester/commons-digester/1.8/commons-digester-1.8.jar:/Users/paranshusinghal/.m2/repository/commons-beanutils/commons-beanutils-core/1.8.0/commons-beanutils-core-1.8.0.jar:/Users/paranshusinghal/.m2/repository/org/mortbay/jetty/jetty/6.1.26/jetty-6.1.26.jar:/Users/paranshusinghal/.m2/repository/org/mortbay/jetty/servlet-api/2.5-20081211/servlet-api-2.5-20081211.jar:/Users/paranshusinghal/.m2/repository/org/mortbay/jetty/jetty-util/6.1.26/jetty-util-6.1.26.jar:/Users/paranshusinghal/.m2/repository/tomcat/jasper-runtime/5.5.12/jasper-runtime-5.5.12.jar:/Users/paranshusinghal/.m2/repository/tomcat/jasper-compiler/5.5.12/jasper-compiler-5.5.12.jar:/Users/paranshusinghal/.m2/repository/org/mortbay/jetty/jsp-api-2.1/6.1.14/jsp-api-2.1-6.1.14.jar:/Users/paranshusinghal/.m2/repository/org/mortbay/jetty/servlet-api-2.5/6.1.14/servlet-api-2.5-6.1.14.jar:/Users/paranshusinghal/.m2/repository/org/mortbay/jetty/jsp-2.1/6.1.14/jsp-2.1-6.1.14.jar:/Users/paranshusinghal/.m2/repository/ant/ant/1.6.5/ant-1.6.5.jar:/Users/paranshusinghal/.m2/repository/commons-el/commons-el/1.0/commons-el-1.0.jar:/Users/paranshusinghal/.m2/repository/net/java/dev/jets3t/jets3t/0.6.1/jets3t-0.6.1.jar:/Users/paranshusinghal/.m2/repository/hsqldb/hsqldb/1.8.0.10/hsqldb-1.8.0.10.jar:/Users/paranshusinghal/.m2/repository/oro/oro/2.0.8/oro-2.0.8.jar:/Users/paranshusinghal/.m2/repository/org/eclipse/jdt/core/3.1.1/core-3.1.1.jar:/Users/paranshusinghal/.m2/repository/org/codehaus/jackson/jackson-mapper-asl/1.8.8/jackson-mapper-asl-1.8.8.jar:"/>
    <property name="java.vm.vendor" value="Oracle Corporation"/>
    <property name="sun.arch.data.model" value="64"/>
    <property name="java.vendor.url" value="https://java.oracle.com/"/>
    <property name="os.name" value="Mac OS X"/>
    <property name="java.vm.specification.version" value="13"/>
    <property name="sun.java.launcher" value="SUN_STANDARD"/>
    <property name="user.country" value="US"/>
    <property name="sun.boot.library.path" value="/Library/Java/JavaVirtualMachines/jdk-13.jdk/Contents/Home/lib"/>
    <property name="sun.java.command" value="/Users/paranshusinghal/Documents/Development/maven.hadoop/target/surefire/surefirebooter11543118941460438874.jar /Users/paranshusinghal/Documents/Development/maven.hadoop/target/surefire 2019-10-16T18-15-49_945-jvmRun1 surefire17026170806007513471tmp surefire_08580053973960877943tmp"/>
    <property name="http.nonProxyHosts" value="local|*.local|169.254/16|*.169.254/16"/>
    <property name="jdk.debug" value="release"/>
    <property name="surefire.test.class.path" value="/Users/paranshusinghal/Documents/Development/maven.hadoop/target/test-classes:/Users/paranshusinghal/Documents/Development/maven.hadoop/target/classes:/Users/paranshusinghal/.m2/repository/junit/junit/4.11/junit-4.11.jar:/Users/paranshusinghal/.m2/repository/org/hamcrest/hamcrest-core/1.3/hamcrest-core-1.3.jar:/Users/paranshusinghal/.m2/repository/org/apache/hadoop/hadoop-common/3.2.1/hadoop-common-3.2.1.jar:/Users/paranshusinghal/.m2/repository/org/apache/hadoop/hadoop-annotations/3.2.1/hadoop-annotations-3.2.1.jar:/Users/paranshusinghal/.m2/repository/com/google/guava/guava/27.0-jre/guava-27.0-jre.jar:/Users/paranshusinghal/.m2/repository/com/google/guava/failureaccess/1.0/failureaccess-1.0.jar:/Users/paranshusinghal/.m2/repository/com/google/guava/listenablefuture/9999.0-empty-to-avoid-conflict-with-guava/listenablefuture-9999.0-empty-to-avoid-conflict-with-guava.jar:/Users/paranshusinghal/.m2/repository/org/checkerframework/checker-qual/2.5.2/checker-qual-2.5.2.jar:/Users/paranshusinghal/.m2/repository/com/google/errorprone/error_prone_annotations/2.2.0/error_prone_annotations-2.2.0.jar:/Users/paranshusinghal/.m2/repository/com/google/j2objc/j2objc-annotations/1.1/j2objc-annotations-1.1.jar:/Users/paranshusinghal/.m2/repository/org/codehaus/mojo/animal-sniffer-annotations/1.17/animal-sniffer-annotations-1.17.jar:/Users/paranshusinghal/.m2/repository/commons-cli/commons-cli/1.2/commons-cli-1.2.jar:/Users/paranshusinghal/.m2/repository/org/apache/commons/commons-math3/3.1.1/commons-math3-3.1.1.jar:/Users/paranshusinghal/.m2/repository/org/apache/httpcomponents/httpclient/4.5.6/httpclient-4.5.6.jar:/Users/paranshusinghal/.m2/repository/org/apache/httpcomponents/httpcore/4.4.10/httpcore-4.4.10.jar:/Users/paranshusinghal/.m2/repository/commons-codec/commons-codec/1.11/commons-codec-1.11.jar:/Users/paranshusinghal/.m2/repository/commons-io/commons-io/2.5/commons-io-2.5.jar:/Users/paranshusinghal/.m2/repository/commons-net/commons-net/3.6/commons-net-3.6.jar:/Users/paranshusinghal/.m2/repository/commons-collections/commons-collections/3.2.2/commons-collections-3.2.2.jar:/Users/paranshusinghal/.m2/repository/javax/servlet/javax.servlet-api/3.1.0/javax.servlet-api-3.1.0.jar:/Users/paranshusinghal/.m2/repository/org/eclipse/jetty/jetty-server/9.3.24.v20180605/jetty-server-9.3.24.v20180605.jar:/Users/paranshusinghal/.m2/repository/org/eclipse/jetty/jetty-http/9.3.24.v20180605/jetty-http-9.3.24.v20180605.jar:/Users/paranshusinghal/.m2/repository/org/eclipse/jetty/jetty-io/9.3.24.v20180605/jetty-io-9.3.24.v20180605.jar:/Users/paranshusinghal/.m2/repository/org/eclipse/jetty/jetty-util/9.3.24.v20180605/jetty-util-9.3.24.v20180605.jar:/Users/paranshusinghal/.m2/repository/org/eclipse/jetty/jetty-servlet/9.3.24.v20180605/jetty-servlet-9.3.24.v20180605.jar:/Users/paranshusinghal/.m2/repository/org/eclipse/jetty/jetty-security/9.3.24.v20180605/jetty-security-9.3.24.v20180605.jar:/Users/paranshusinghal/.m2/repository/org/eclipse/jetty/jetty-webapp/9.3.24.v20180605/jetty-webapp-9.3.24.v20180605.jar:/Users/paranshusinghal/.m2/repository/org/eclipse/jetty/jetty-xml/9.3.24.v20180605/jetty-xml-9.3.24.v20180605.jar:/Users/paranshusinghal/.m2/repository/javax/servlet/jsp/jsp-api/2.1/jsp-api-2.1.jar:/Users/paranshusinghal/.m2/repository/com/sun/jersey/jersey-core/1.19/jersey-core-1.19.jar:/Users/paranshusinghal/.m2/repository/javax/ws/rs/jsr311-api/1.1.1/jsr311-api-1.1.1.jar:/Users/paranshusinghal/.m2/repository/com/sun/jersey/jersey-servlet/1.19/jersey-servlet-1.19.jar:/Users/paranshusinghal/.m2/repository/com/sun/jersey/jersey-json/1.19/jersey-json-1.19.jar:/Users/paranshusinghal/.m2/repository/org/codehaus/jettison/jettison/1.1/jettison-1.1.jar:/Users/paranshusinghal/.m2/repository/com/sun/xml/bind/jaxb-impl/2.2.3-1/jaxb-impl-2.2.3-1.jar:/Users/paranshusinghal/.m2/repository/org/codehaus/jackson/jackson-core-asl/1.9.2/jackson-core-asl-1.9.2.jar:/Users/paranshusinghal/.m2/repository/org/codehaus/jackson/jackson-jaxrs/1.9.2/jackson-jaxrs-1.9.2.jar:/Users/paranshusinghal/.m2/repository/org/codehaus/jackson/jackson-xc/1.9.2/jackson-xc-1.9.2.jar:/Users/paranshusinghal/.m2/repository/com/sun/jersey/jersey-server/1.19/jersey-server-1.19.jar:/Users/paranshusinghal/.m2/repository/commons-logging/commons-logging/1.1.3/commons-logging-1.1.3.jar:/Users/paranshusinghal/.m2/repository/log4j/log4j/1.2.17/log4j-1.2.17.jar:/Users/paranshusinghal/.m2/repository/commons-beanutils/commons-beanutils/1.9.3/commons-beanutils-1.9.3.jar:/Users/paranshusinghal/.m2/repository/org/apache/commons/commons-configuration2/2.1.1/commons-configuration2-2.1.1.jar:/Users/paranshusinghal/.m2/repository/org/apache/commons/commons-lang3/3.7/commons-lang3-3.7.jar:/Users/paranshusinghal/.m2/repository/org/apache/commons/commons-text/1.4/commons-text-1.4.jar:/Users/paranshusinghal/.m2/repository/org/slf4j/slf4j-api/1.7.25/slf4j-api-1.7.25.jar:/Users/paranshusinghal/.m2/repository/org/slf4j/slf4j-log4j12/1.7.25/slf4j-log4j12-1.7.25.jar:/Users/paranshusinghal/.m2/repository/org/apache/avro/avro/1.7.7/avro-1.7.7.jar:/Users/paranshusinghal/.m2/repository/com/thoughtworks/paranamer/paranamer/2.3/paranamer-2.3.jar:/Users/paranshusinghal/.m2/repository/org/xerial/snappy/snappy-java/1.0.5/snappy-java-1.0.5.jar:/Users/paranshusinghal/.m2/repository/com/google/re2j/re2j/1.1/re2j-1.1.jar:/Users/paranshusinghal/.m2/repository/com/google/protobuf/protobuf-java/2.5.0/protobuf-java-2.5.0.jar:/Users/paranshusinghal/.m2/repository/com/google/code/gson/gson/2.2.4/gson-2.2.4.jar:/Users/paranshusinghal/.m2/repository/org/apache/hadoop/hadoop-auth/3.2.1/hadoop-auth-3.2.1.jar:/Users/paranshusinghal/.m2/repository/com/nimbusds/nimbus-jose-jwt/4.41.1/nimbus-jose-jwt-4.41.1.jar:/Users/paranshusinghal/.m2/repository/com/github/stephenc/jcip/jcip-annotations/1.0-1/jcip-annotations-1.0-1.jar:/Users/paranshusinghal/.m2/repository/net/minidev/json-smart/2.3/json-smart-2.3.jar:/Users/paranshusinghal/.m2/repository/net/minidev/accessors-smart/1.2/accessors-smart-1.2.jar:/Users/paranshusinghal/.m2/repository/org/ow2/asm/asm/5.0.4/asm-5.0.4.jar:/Users/paranshusinghal/.m2/repository/org/apache/curator/curator-framework/2.13.0/curator-framework-2.13.0.jar:/Users/paranshusinghal/.m2/repository/com/jcraft/jsch/0.1.54/jsch-0.1.54.jar:/Users/paranshusinghal/.m2/repository/org/apache/curator/curator-client/2.13.0/curator-client-2.13.0.jar:/Users/paranshusinghal/.m2/repository/org/apache/curator/curator-recipes/2.13.0/curator-recipes-2.13.0.jar:/Users/paranshusinghal/.m2/repository/com/google/code/findbugs/jsr305/3.0.0/jsr305-3.0.0.jar:/Users/paranshusinghal/.m2/repository/org/apache/htrace/htrace-core4/4.1.0-incubating/htrace-core4-4.1.0-incubating.jar:/Users/paranshusinghal/.m2/repository/org/apache/zookeeper/zookeeper/3.4.13/zookeeper-3.4.13.jar:/Users/paranshusinghal/.m2/repository/jline/jline/0.9.94/jline-0.9.94.jar:/Users/paranshusinghal/.m2/repository/org/apache/yetus/audience-annotations/0.5.0/audience-annotations-0.5.0.jar:/Users/paranshusinghal/.m2/repository/org/apache/commons/commons-compress/1.18/commons-compress-1.18.jar:/Users/paranshusinghal/.m2/repository/org/apache/kerby/kerb-simplekdc/1.0.1/kerb-simplekdc-1.0.1.jar:/Users/paranshusinghal/.m2/repository/org/apache/kerby/kerb-client/1.0.1/kerb-client-1.0.1.jar:/Users/paranshusinghal/.m2/repository/org/apache/kerby/kerby-config/1.0.1/kerby-config-1.0.1.jar:/Users/paranshusinghal/.m2/repository/org/apache/kerby/kerb-core/1.0.1/kerb-core-1.0.1.jar:/Users/paranshusinghal/.m2/repository/org/apache/kerby/kerby-pkix/1.0.1/kerby-pkix-1.0.1.jar:/Users/paranshusinghal/.m2/repository/org/apache/kerby/kerby-asn1/1.0.1/kerby-asn1-1.0.1.jar:/Users/paranshusinghal/.m2/repository/org/apache/kerby/kerby-util/1.0.1/kerby-util-1.0.1.jar:/Users/paranshusinghal/.m2/repository/org/apache/kerby/kerb-common/1.0.1/kerb-common-1.0.1.jar:/Users/paranshusinghal/.m2/repository/org/apache/kerby/kerb-crypto/1.0.1/kerb-crypto-1.0.1.jar:/Users/paranshusinghal/.m2/repository/org/apache/kerby/kerb-util/1.0.1/kerb-util-1.0.1.jar:/Users/paranshusinghal/.m2/repository/org/apache/kerby/token-provider/1.0.1/token-provider-1.0.1.jar:/Users/paranshusinghal/.m2/repository/org/apache/kerby/kerb-admin/1.0.1/kerb-admin-1.0.1.jar:/Users/paranshusinghal/.m2/repository/org/apache/kerby/kerb-server/1.0.1/kerb-server-1.0.1.jar:/Users/paranshusinghal/.m2/repository/org/apache/kerby/kerb-identity/1.0.1/kerb-identity-1.0.1.jar:/Users/paranshusinghal/.m2/repository/org/apache/kerby/kerby-xdr/1.0.1/kerby-xdr-1.0.1.jar:/Users/paranshusinghal/.m2/repository/com/fasterxml/jackson/core/jackson-databind/2.9.8/jackson-databind-2.9.8.jar:/Users/paranshusinghal/.m2/repository/com/fasterxml/jackson/core/jackson-annotations/2.9.0/jackson-annotations-2.9.0.jar:/Users/paranshusinghal/.m2/repository/com/fasterxml/jackson/core/jackson-core/2.9.8/jackson-core-2.9.8.jar:/Users/paranshusinghal/.m2/repository/org/codehaus/woodstox/stax2-api/3.1.4/stax2-api-3.1.4.jar:/Users/paranshusinghal/.m2/repository/com/fasterxml/woodstox/woodstox-core/5.0.3/woodstox-core-5.0.3.jar:/Users/paranshusinghal/.m2/repository/dnsjava/dnsjava/2.1.7/dnsjava-2.1.7.jar:/Users/paranshusinghal/.m2/repository/org/apache/hadoop/hadoop-mapreduce-client-core/3.2.1/hadoop-mapreduce-client-core-3.2.1.jar:/Users/paranshusinghal/.m2/repository/org/apache/hadoop/hadoop-yarn-client/3.2.1/hadoop-yarn-client-3.2.1.jar:/Users/paranshusinghal/.m2/repository/org/apache/hadoop/hadoop-yarn-api/3.2.1/hadoop-yarn-api-3.2.1.jar:/Users/paranshusinghal/.m2/repository/org/apache/hadoop/hadoop-yarn-common/3.2.1/hadoop-yarn-common-3.2.1.jar:/Users/paranshusinghal/.m2/repository/javax/xml/bind/jaxb-api/2.2.11/jaxb-api-2.2.11.jar:/Users/paranshusinghal/.m2/repository/com/sun/jersey/jersey-client/1.19/jersey-client-1.19.jar:/Users/paranshusinghal/.m2/repository/com/google/inject/guice/4.0/guice-4.0.jar:/Users/paranshusinghal/.m2/repository/javax/inject/javax.inject/1/javax.inject-1.jar:/Users/paranshusinghal/.m2/repository/aopalliance/aopalliance/1.0/aopalliance-1.0.jar:/Users/paranshusinghal/.m2/repository/com/sun/jersey/contribs/jersey-guice/1.19/jersey-guice-1.19.jar:/Users/paranshusinghal/.m2/repository/com/fasterxml/jackson/module/jackson-module-jaxb-annotations/2.9.8/jackson-module-jaxb-annotations-2.9.8.jar:/Users/paranshusinghal/.m2/repository/com/fasterxml/jackson/jaxrs/jackson-jaxrs-json-provider/2.9.8/jackson-jaxrs-json-provider-2.9.8.jar:/Users/paranshusinghal/.m2/repository/com/fasterxml/jackson/jaxrs/jackson-jaxrs-base/2.9.8/jackson-jaxrs-base-2.9.8.jar:/Users/paranshusinghal/.m2/repository/org/apache/hadoop/hadoop-hdfs-client/3.2.1/hadoop-hdfs-client-3.2.1.jar:/Users/paranshusinghal/.m2/repository/com/squareup/okhttp/okhttp/2.7.5/okhttp-2.7.5.jar:/Users/paranshusinghal/.m2/repository/com/squareup/okio/okio/1.6.0/okio-1.6.0.jar:/Users/paranshusinghal/.m2/repository/com/google/inject/extensions/guice-servlet/4.0/guice-servlet-4.0.jar:/Users/paranshusinghal/.m2/repository/io/netty/netty/3.10.5.Final/netty-3.10.5.Final.jar:/Users/paranshusinghal/.m2/repository/org/apache/hadoop/hadoop-core/1.2.1/hadoop-core-1.2.1.jar:/Users/paranshusinghal/.m2/repository/xmlenc/xmlenc/0.52/xmlenc-0.52.jar:/Users/paranshusinghal/.m2/repository/commons-httpclient/commons-httpclient/3.0.1/commons-httpclient-3.0.1.jar:/Users/paranshusinghal/.m2/repository/org/apache/commons/commons-math/2.1/commons-math-2.1.jar:/Users/paranshusinghal/.m2/repository/commons-configuration/commons-configuration/1.6/commons-configuration-1.6.jar:/Users/paranshusinghal/.m2/repository/commons-lang/commons-lang/2.4/commons-lang-2.4.jar:/Users/paranshusinghal/.m2/repository/commons-digester/commons-digester/1.8/commons-digester-1.8.jar:/Users/paranshusinghal/.m2/repository/commons-beanutils/commons-beanutils-core/1.8.0/commons-beanutils-core-1.8.0.jar:/Users/paranshusinghal/.m2/repository/org/mortbay/jetty/jetty/6.1.26/jetty-6.1.26.jar:/Users/paranshusinghal/.m2/repository/org/mortbay/jetty/servlet-api/2.5-20081211/servlet-api-2.5-20081211.jar:/Users/paranshusinghal/.m2/repository/org/mortbay/jetty/jetty-util/6.1.26/jetty-util-6.1.26.jar:/Users/paranshusinghal/.m2/repository/tomcat/jasper-runtime/5.5.12/jasper-runtime-5.5.12.jar:/Users/paranshusinghal/.m2/repository/tomcat/jasper-compiler/5.5.12/jasper-compiler-5.5.12.jar:/Users/paranshusinghal/.m2/repository/org/mortbay/jetty/jsp-api-2.1/6.1.14/jsp-api-2.1-6.1.14.jar:/Users/paranshusinghal/.m2/repository/org/mortbay/jetty/servlet-api-2.5/6.1.14/servlet-api-2.5-6.1.14.jar:/Users/paranshusinghal/.m2/repository/org/mortbay/jetty/jsp-2.1/6.1.14/jsp-2.1-6.1.14.jar:/Users/paranshusinghal/.m2/repository/ant/ant/1.6.5/ant-1.6.5.jar:/Users/paranshusinghal/.m2/repository/commons-el/commons-el/1.0/commons-el-1.0.jar:/Users/paranshusinghal/.m2/repository/net/java/dev/jets3t/jets3t/0.6.1/jets3t-0.6.1.jar:/Users/paranshusinghal/.m2/repository/hsqldb/hsqldb/1.8.0.10/hsqldb-1.8.0.10.jar:/Users/paranshusinghal/.m2/repository/oro/oro/2.0.8/oro-2.0.8.jar:/Users/paranshusinghal/.m2/repository/org/eclipse/jdt/core/3.1.1/core-3.1.1.jar:/Users/paranshusinghal/.m2/repository/org/codehaus/jackson/jackson-mapper-asl/1.8.8/jackson-mapper-asl-1.8.8.jar:"/>
    <property name="sun.cpu.endian" value="little"/>
    <property name="user.home" value="/Users/paranshusinghal"/>
    <property name="user.language" value="en"/>
    <property name="java.specification.vendor" value="Oracle Corporation"/>
    <property name="java.version.date" value="2019-09-17"/>
    <property name="java.home" value="/Library/Java/JavaVirtualMachines/jdk-13.jdk/Contents/Home"/>
    <property name="file.separator" value="/"/>
    <property name="basedir" value="/Users/paranshusinghal/Documents/Development/maven.hadoop"/>
    <property name="java.vm.compressedOopsMode" value="Zero based"/>
    <property name="line.separator" value="&#10;"/>
    <property name="java.specification.name" value="Java Platform API Specification"/>
    <property name="java.vm.specification.vendor" value="Oracle Corporation"/>
    <property name="surefire.real.class.path" value="/Users/paranshusinghal/Documents/Development/maven.hadoop/target/surefire/surefirebooter11543118941460438874.jar"/>
    <property name="sun.management.compiler" value="HotSpot 64-Bit Tiered Compilers"/>
    <property name="ftp.nonProxyHosts" value="local|*.local|169.254/16|*.169.254/16"/>
    <property name="java.runtime.version" value="13+33"/>
    <property name="user.name" value="paranshusinghal"/>
    <property name="path.separator" value=":"/>
    <property name="os.version" value="10.14.6"/>
    <property name="java.runtime.name" value="Java(TM) SE Runtime Environment"/>
    <property name="file.encoding" value="UTF-8"/>
    <property name="java.vm.name" value="Java HotSpot(TM) 64-Bit Server VM"/>
    <property name="localRepository" value="/Users/paranshusinghal/.m2/repository"/>
    <property name="java.vendor.url.bug" value="https://bugreport.java.com/bugreport/"/>
    <property name="java.io.tmpdir" value="/var/folders/_z/9d9f88wn1134mvc8wrswkcl80000gn/T/"/>
    <property name="java.version" value="13"/>
    <property name="user.dir" value="/Users/paranshusinghal/Documents/Development/maven.hadoop"/>
    <property name="os.arch" value="x86_64"/>
    <property name="java.vm.specification.name" value="Java Virtual Machine Specification"/>
    <property name="java.library.path" value="/Users/paranshusinghal/Library/Java/Extensions:/Library/Java/Extensions:/Network/Library/Java/Extensions:/System/Library/Java/Extensions:/usr/lib/java:."/>
    <property name="java.vm.info" value="mixed mode, sharing"/>
    <property name="java.vendor" value="Oracle Corporation"/>
    <property name="java.vm.version" value="13+33"/>
    <property name="sun.io.unicode.encoding" value="UnicodeBig"/>
    <property name="socksNonProxyHosts" value="local|*.local|169.254/16|*.169.254/16"/>
    <property name="java.class.version" value="57.0"/>
  </properties>
  <testcase name="shouldAnswerWithTrue" classname="edu.ucr.cs.cs226.psing069.AppTest" time="0.002"/>
</testsuite>